<?xml version="1.0" encoding="UTF-8"?>
<!-- Generated by org.testng.reporters.JUnitXMLReporter -->
<testsuite ignored="0" hostname="LAPTOP-I7Q4MBL6" failures="0" tests="3" name="Default test" time="5.553" errors="0" timestamp="2023-12-29T22:43:22 IST">
  <testcase classname="com.OrangeHRMApplicationTestCases.OrangeHRMLogInPageTest" name="orangeHRMApplicationLogInPage_LogInPanelTextValidationTest" time="0.12"/>
  <testcase classname="com.OrangeHRMApplicationTestCases.OrangeHRMLogInPageTest" name="orangeHRMApplicationLogInPage_LogoValidationTest" time="0.08"/>
  <testcase classname="com.OrangeHRMApplicationTestCases.OrangeHRMLogInPageTest" name="orangeHRMApplication_logInTest" time="0.861"/>
</testsuite> <!-- Default test -->
