<?xml version="1.0" encoding="UTF-8"?>
<testng-results ignored="1" total="2" passed="1" failed="0" skipped="0">
  <reporter-output>
  </reporter-output>
  <suite started-at="2023-11-28T10:25:19 IST" name="Default suite" finished-at="2023-11-28T10:25:23 IST" duration-ms="3900">
    <groups>
    </groups>
    <test started-at="2023-11-28T10:25:19 IST" name="Default test" finished-at="2023-11-28T10:25:23 IST" duration-ms="3900">
      <class name="com.orangehrm.tests.LoginTest">
        <test-method is-config="true" signature="initialize()[pri:0, instance:com.orangehrm.tests.LoginTest@6404f418]" started-at="2023-11-28T10:25:19 IST" name="initialize" finished-at="2023-11-28T10:25:19 IST" duration-ms="313" status="PASS">
          <reporter-output>
          </reporter-output>
        </test-method> <!-- initialize -->
        <test-method is-config="true" signature="launchBrowser()[pri:0, instance:com.orangehrm.tests.LoginTest@6404f418]" started-at="2023-11-28T10:25:20 IST" name="launchBrowser" finished-at="2023-11-28T10:25:21 IST" duration-ms="1231" status="PASS">
          <reporter-output>
          </reporter-output>
        </test-method> <!-- launchBrowser -->
        <test-method is-config="true" signature="launchApplication()[pri:0, instance:com.orangehrm.tests.LoginTest@6404f418]" started-at="2023-11-28T10:25:21 IST" name="launchApplication" finished-at="2023-11-28T10:25:23 IST" depends-on-methods="com.framework.base.BaseTest.launchBrowser" duration-ms="2414" status="PASS">
          <reporter-output>
          </reporter-output>
        </test-method> <!-- launchApplication -->
        <test-method signature="verifyCopyRightText()[pri:0, instance:com.orangehrm.tests.LoginTest@6404f418]" started-at="2023-11-28T10:25:23 IST" name="verifyCopyRightText" finished-at="2023-11-28T10:25:23 IST" duration-ms="53" status="PASS">
          <reporter-output>
          </reporter-output>
        </test-method> <!-- verifyCopyRightText -->
        <test-method is-config="true" signature="closeBrowser()[pri:0, instance:com.orangehrm.tests.LoginTest@6404f418]" started-at="2023-11-28T10:25:23 IST" name="closeBrowser" finished-at="2023-11-28T10:25:23 IST" duration-ms="179" status="PASS">
          <reporter-output>
          </reporter-output>
        </test-method> <!-- closeBrowser -->
      </class> <!-- com.orangehrm.tests.LoginTest -->
    </test> <!-- Default test -->
  </suite> <!-- Default suite -->
</testng-results>
