<?xml version="1.0" encoding="UTF-8"?>
<!-- Generated by org.testng.reporters.JUnitXMLReporter -->
<testsuite ignored="1" hostname="DESKTOP-TQ559PJ" failures="0" tests="1" name="Default test" time="3.9" errors="0" timestamp="2023-11-28T10:25:23 IST">
  <testcase classname="com.orangehrm.tests.LoginTest" name="verifyCopyRightText" time="0.053"/>
  <testcase classname="com.orangehrm.tests.LoginTest" name="verifyLoginWithValidCredentials" time="0.0">
    <ignored/>
  </testcase> <!-- verifyLoginWithValidCredentials -->
</testsuite> <!-- Default test -->
